<?xml version="1.0" encoding="UTF-8"?>
<testng-results ignored="0" total="2" passed="2" failed="0" skipped="0">
  <reporter-output>
    <line>
      <![CDATA[Clicked on StartHere]]>
    </line>
    <line>
      <![CDATA[Entered Email]]>
    </line>
    <line>
      <![CDATA[Entered Password]]>
    </line>
    <line>
      <![CDATA[Click on login]]>
    </line>
    <line>
      <![CDATA[Click on Companies]]>
    </line>
    <line>
      <![CDATA[Clicked on ShowFilters]]>
    </line>
    <line>
      <![CDATA[Clicked on Search]]>
    </line>
    <line>
      <![CDATA[Clicked on SearchDropdown]]>
    </line>
    <line>
      <![CDATA[Clicked on Operator]]>
    </line>
    <line>
      <![CDATA[Clicked on OperatorDropdown]]>
    </line>
    <line>
      <![CDATA[Clicked on ValueButton]]>
    </line>
    <line>
      <![CDATA[Entered Value]]>
    </line>
    <line>
      <![CDATA[Clicked on Search Filter]]>
    </line>
    <line>
      <![CDATA[Browser closed successfully]]>
    </line>
    <line>
      <![CDATA[Test completed successfully]]>
    </line>
  </reporter-output>
  <suite started-at="2025-06-19T18:02:21 IST" name="Suite" finished-at="2025-06-19T18:02:45 IST" duration-ms="23710">
    <groups>
    </groups>
    <test started-at="2025-06-19T18:02:21 IST" name="Test" finished-at="2025-06-19T18:02:45 IST" duration-ms="23710">
      <class name="com.capgemini.tests.TC_004">
        <test-method is-config="true" signature="setUpReport()[pri:0, instance:com.capgemini.tests.TC_004@4a003cbe]" started-at="2025-06-19T18:02:21 IST" name="setUpReport" finished-at="2025-06-19T18:02:21 IST" duration-ms="354" status="PASS">
          <reporter-output>
          </reporter-output>
        </test-method> <!-- setUpReport -->
        <test-method is-config="true" signature="setUptest()[pri:0, instance:com.capgemini.tests.TC_004@4a003cbe]" started-at="2025-06-19T18:02:21 IST" name="setUptest" finished-at="2025-06-19T18:02:21 IST" duration-ms="1" status="PASS">
          <reporter-output>
          </reporter-output>
        </test-method> <!-- setUptest -->
        <test-method is-config="true" signature="setUpClass()[pri:0, instance:com.capgemini.tests.TC_004@4a003cbe]" started-at="2025-06-19T18:02:21 IST" name="setUpClass" finished-at="2025-06-19T18:02:21 IST" duration-ms="6" status="PASS">
          <reporter-output>
          </reporter-output>
        </test-method> <!-- setUpClass -->
        <test-method is-config="true" signature="setUp()[pri:0, instance:com.capgemini.tests.TC_004@4a003cbe]" started-at="2025-06-19T18:02:21 IST" name="setUp" finished-at="2025-06-19T18:02:32 IST" duration-ms="10795" status="PASS">
          <reporter-output>
          </reporter-output>
        </test-method> <!-- setUp -->
        <test-method is-config="true" signature="setUpMethod(java.lang.reflect.Method)[pri:0, instance:com.capgemini.tests.TC_004@4a003cbe]" started-at="2025-06-19T18:02:32 IST" name="setUpMethod" finished-at="2025-06-19T18:02:32 IST" duration-ms="7" status="PASS">
          <params>
            <param index="0">
              <value>
                <![CDATA[public void com.capgemini.tests.TC_004.testLogin() throws java.lang.Exception]]>
              </value>
            </param>
          </params>
          <reporter-output>
          </reporter-output>
        </test-method> <!-- setUpMethod -->
        <test-method signature="testLogin()[pri:1, instance:com.capgemini.tests.TC_004@4a003cbe]" started-at="2025-06-19T18:02:32 IST" name="testLogin" finished-at="2025-06-19T18:02:41 IST" duration-ms="9091" status="PASS">
          <reporter-output>
            <line>
              <![CDATA[Clicked on StartHere]]>
            </line>
            <line>
              <![CDATA[Entered Email]]>
            </line>
            <line>
              <![CDATA[Entered Password]]>
            </line>
            <line>
              <![CDATA[Click on login]]>
            </line>
            <line>
              <![CDATA[Click on Companies]]>
            </line>
          </reporter-output>
        </test-method> <!-- testLogin -->
        <test-method is-config="true" signature="tearDownMethod(org.testng.ITestResult)[pri:0, instance:com.capgemini.tests.TC_004@4a003cbe]" started-at="2025-06-19T18:02:41 IST" name="tearDownMethod" finished-at="2025-06-19T18:02:41 IST" duration-ms="0" status="PASS">
          <params>
            <param index="0">
              <value>
                <![CDATA[[TestResult name=testLogin status=SUCCESS method=TC_004.testLogin()[pri:1, instance:com.capgemini.tests.TC_004@4a003cbe] output=Clicked on StartHere]]]>
              </value>
            </param>
          </params>
          <reporter-output>
          </reporter-output>
        </test-method> <!-- tearDownMethod -->
        <test-method is-config="true" signature="setUpMethod(java.lang.reflect.Method)[pri:0, instance:com.capgemini.tests.TC_004@4a003cbe]" started-at="2025-06-19T18:02:41 IST" name="setUpMethod" finished-at="2025-06-19T18:02:41 IST" duration-ms="1" status="PASS">
          <params>
            <param index="0">
              <value>
                <![CDATA[public void com.capgemini.tests.TC_004.testFilter() throws java.lang.Exception]]>
              </value>
            </param>
          </params>
          <reporter-output>
          </reporter-output>
        </test-method> <!-- setUpMethod -->
        <test-method signature="testFilter()[pri:0, instance:com.capgemini.tests.TC_004@4a003cbe]" started-at="2025-06-19T18:02:41 IST" name="testFilter" finished-at="2025-06-19T18:02:45 IST" depends-on-methods="com.capgemini.tests.TC_004.testLogin" duration-ms="3179" status="PASS">
          <reporter-output>
            <line>
              <![CDATA[Clicked on ShowFilters]]>
            </line>
            <line>
              <![CDATA[Clicked on Search]]>
            </line>
            <line>
              <![CDATA[Clicked on SearchDropdown]]>
            </line>
            <line>
              <![CDATA[Clicked on Operator]]>
            </line>
            <line>
              <![CDATA[Clicked on OperatorDropdown]]>
            </line>
            <line>
              <![CDATA[Clicked on ValueButton]]>
            </line>
            <line>
              <![CDATA[Entered Value]]>
            </line>
            <line>
              <![CDATA[Clicked on Search Filter]]>
            </line>
          </reporter-output>
        </test-method> <!-- testFilter -->
        <test-method is-config="true" signature="tearDownMethod(org.testng.ITestResult)[pri:0, instance:com.capgemini.tests.TC_004@4a003cbe]" started-at="2025-06-19T18:02:45 IST" name="tearDownMethod" finished-at="2025-06-19T18:02:45 IST" duration-ms="0" status="PASS">
          <params>
            <param index="0">
              <value>
                <![CDATA[[TestResult name=testFilter status=SUCCESS method=TC_004.testFilter()[pri:0, instance:com.capgemini.tests.TC_004@4a003cbe] output=Clicked on ShowFilters]]]>
              </value>
            </param>
          </params>
          <reporter-output>
          </reporter-output>
        </test-method> <!-- tearDownMethod -->
        <test-method is-config="true" signature="tearDown()[pri:0, instance:com.capgemini.tests.TC_004@4a003cbe]" started-at="2025-06-19T18:02:45 IST" name="tearDown" finished-at="2025-06-19T18:02:45 IST" duration-ms="546" status="PASS">
          <reporter-output>
            <line>
              <![CDATA[Browser closed successfully]]>
            </line>
            <line>
              <![CDATA[Test completed successfully]]>
            </line>
          </reporter-output>
        </test-method> <!-- tearDown -->
        <test-method is-config="true" signature="tearDownReport()[pri:0, instance:com.capgemini.tests.TC_004@4a003cbe]" started-at="2025-06-19T18:02:45 IST" name="tearDownReport" finished-at="2025-06-19T18:02:46 IST" duration-ms="387" status="PASS">
          <reporter-output>
          </reporter-output>
        </test-method> <!-- tearDownReport -->
      </class> <!-- com.capgemini.tests.TC_004 -->
    </test> <!-- Test -->
  </suite> <!-- Suite -->
</testng-results>
